<?xml version="1.0" encoding="UTF-8"?>
<!-- Generated by org.testng.reporters.JUnitReportReporter -->
<testsuite hostname="LAPTOP-C1KGDM9L" failures="0" tests="8" name="com.testngtask.FacebookTask" time="11.955" errors="0" timestamp="3 Jul 2023 04:36:10 GMT">
  <testcase classname="com.testngtask.FacebookTask" name="user_enters_lastname" time="0.388"/>
  <testcase classname="com.testngtask.FacebookTask" name="user_enters_mobilenumber" time="0.574"/>
  <testcase classname="com.testngtask.FacebookTask" name="user_enters_dateofbirth" time="5.576"/>
  <testcase classname="com.testngtask.FacebookTask" name="user_selects_gender" time="0.168"/>
  <testcase classname="com.testngtask.FacebookTask" name="user_create_Account" time="3.459"/>
  <testcase classname="com.testngtask.FacebookTask" name="user_enters_password" time="0.964"/>
  <testcase classname="com.testngtask.FacebookTask" name="user_enters_firstname" time="0.493"/>
  <testcase classname="com.testngtask.FacebookTask" name="user_takes_screenshot" time="0.333"/>
</testsuite> <!-- com.testngtask.FacebookTask -->
